c:\users\user\source\repos\animal-oop-sample\animal-oop-sample\x64\debug\vc143.pdb
c:\users\user\source\repos\animal-oop-sample\animal-oop-sample\x64\debug\vc143.idb
c:\users\user\source\repos\animal-oop-sample\animal-oop-sample\x64\debug\worker.obj
c:\users\user\source\repos\animal-oop-sample\animal-oop-sample\x64\debug\threadlaunchmanager.obj
c:\users\user\source\repos\animal-oop-sample\animal-oop-sample\x64\debug\singleton.obj
c:\users\user\source\repos\animal-oop-sample\animal-oop-sample\x64\debug\job.obj
c:\users\user\source\repos\animal-oop-sample\animal-oop-sample\x64\debug\main.obj
c:\users\user\source\repos\animal-oop-sample\animal-oop-sample\x64\debug\user.obj
c:\users\user\source\repos\animal-oop-sample\animal-oop-sample\x64\debug\executor.obj
c:\users\user\source\repos\animal-oop-sample\animal-oop-sample\x64\debug\animalmanager.obj
c:\users\user\source\repos\animal-oop-sample\animal-oop-sample\x64\debug\animal.obj
c:\users\user\source\repos\animal-oop-sample\x64\debug\animal-oop-sample.exe
c:\users\user\source\repos\animal-oop-sample\x64\debug\animal-oop-sample.pdb
c:\users\user\source\repos\animal-oop-sample\animal-oop-sample\x64\debug\animal-oop-sample.ilk
c:\users\user\source\repos\animal-oop-sample\animal-oop-sample\x64\debug\animal-o.58cf2dd1.tlog\cl.command.1.tlog
c:\users\user\source\repos\animal-oop-sample\animal-oop-sample\x64\debug\animal-o.58cf2dd1.tlog\cl.items.tlog
c:\users\user\source\repos\animal-oop-sample\animal-oop-sample\x64\debug\animal-o.58cf2dd1.tlog\cl.read.1.tlog
c:\users\user\source\repos\animal-oop-sample\animal-oop-sample\x64\debug\animal-o.58cf2dd1.tlog\cl.write.1.tlog
c:\users\user\source\repos\animal-oop-sample\animal-oop-sample\x64\debug\animal-o.58cf2dd1.tlog\link.command.1.tlog
c:\users\user\source\repos\animal-oop-sample\animal-oop-sample\x64\debug\animal-o.58cf2dd1.tlog\link.read.1.tlog
c:\users\user\source\repos\animal-oop-sample\animal-oop-sample\x64\debug\animal-o.58cf2dd1.tlog\link.secondary.1.tlog
c:\users\user\source\repos\animal-oop-sample\animal-oop-sample\x64\debug\animal-o.58cf2dd1.tlog\link.write.1.tlog
